{"/Users/dianakosta/work/notes-express-api/app.js": {"path":"/Users/dianakosta/work/notes-express-api/app.js","statementMap":{"0":{"start":{"line":1,"column":16},"end":{"line":1,"column":34}},"1":{"start":{"line":2,"column":0},"end":{"line":2,"column":27}},"2":{"start":{"line":3,"column":17},"end":{"line":3,"column":36}},"3":{"start":{"line":4,"column":18},"end":{"line":4,"column":47}},"4":{"start":{"line":5,"column":21},"end":{"line":5,"column":59}},"5":{"start":{"line":6,"column":19},"end":{"line":6,"column":41}},"6":{"start":{"line":7,"column":12},"end":{"line":7,"column":21}},"7":{"start":{"line":8,"column":13},"end":{"line":8,"column":28}},"8":{"start":{"line":9,"column":20},"end":{"line":9,"column":53}},"9":{"start":{"line":10,"column":20},"end":{"line":10,"column":52}},"10":{"start":{"line":12,"column":13},"end":{"line":12,"column":37}},"11":{"start":{"line":13,"column":18},"end":{"line":13,"column":39}},"12":{"start":{"line":15,"column":0},"end":{"line":15,"column":27}},"13":{"start":{"line":17,"column":0},"end":{"line":17,"column":16}},"14":{"start":{"line":18,"column":0},"end":{"line":27,"column":3}},"15":{"start":{"line":19,"column":2},"end":{"line":19,"column":52}},"16":{"start":{"line":20,"column":2},"end":{"line":23,"column":4}},"17":{"start":{"line":24,"column":2},"end":{"line":24,"column":76}},"18":{"start":{"line":26,"column":2},"end":{"line":26,"column":9}},"19":{"start":{"line":30,"column":0},"end":{"line":30,"column":69}},"20":{"start":{"line":32,"column":0},"end":{"line":32,"column":35}},"21":{"start":{"line":33,"column":0},"end":{"line":33,"column":35}},"22":{"start":{"line":35,"column":0},"end":{"line":41,"column":3}},"23":{"start":{"line":36,"column":2},"end":{"line":38,"column":3}},"24":{"start":{"line":37,"column":4},"end":{"line":37,"column":23}},"25":{"start":{"line":39,"column":2},"end":{"line":39,"column":32}},"26":{"start":{"line":40,"column":2},"end":{"line":40,"column":71}},"27":{"start":{"line":43,"column":0},"end":{"line":55,"column":5}},"28":{"start":{"line":46,"column":4},"end":{"line":51,"column":7}},"29":{"start":{"line":47,"column":6},"end":{"line":47,"column":64}},"30":{"start":{"line":48,"column":6},"end":{"line":50,"column":8}},"31":{"start":{"line":54,"column":4},"end":{"line":54,"column":21}},"32":{"start":{"line":57,"column":0},"end":{"line":57,"column":21}}},"fnMap":{"0":{"name":"(anonymous_0)","decl":{"start":{"line":18,"column":8},"end":{"line":18,"column":9}},"loc":{"start":{"line":18,"column":28},"end":{"line":27,"column":1}},"line":18},"1":{"name":"(anonymous_1)","decl":{"start":{"line":35,"column":8},"end":{"line":35,"column":9}},"loc":{"start":{"line":35,"column":35},"end":{"line":41,"column":1}},"line":35},"2":{"name":"(anonymous_2)","decl":{"start":{"line":45,"column":8},"end":{"line":45,"column":9}},"loc":{"start":{"line":45,"column":14},"end":{"line":52,"column":3}},"line":45},"3":{"name":"(anonymous_3)","decl":{"start":{"line":46,"column":21},"end":{"line":46,"column":22}},"loc":{"start":{"line":46,"column":27},"end":{"line":51,"column":5}},"line":46},"4":{"name":"(anonymous_4)","decl":{"start":{"line":53,"column":9},"end":{"line":53,"column":10}},"loc":{"start":{"line":53,"column":18},"end":{"line":55,"column":3}},"line":53}},"branchMap":{"0":{"loc":{"start":{"line":12,"column":13},"end":{"line":12,"column":37}},"type":"binary-expr","locations":[{"start":{"line":12,"column":13},"end":{"line":12,"column":29}},{"start":{"line":12,"column":33},"end":{"line":12,"column":37}}],"line":12},"1":{"loc":{"start":{"line":36,"column":2},"end":{"line":38,"column":3}},"type":"if","locations":[{"start":{"line":36,"column":2},"end":{"line":38,"column":3}},{"start":{},"end":{}}],"line":36},"2":{"loc":{"start":{"line":39,"column":13},"end":{"line":39,"column":30}},"type":"binary-expr","locations":[{"start":{"line":39,"column":13},"end":{"line":39,"column":23}},{"start":{"line":39,"column":27},"end":{"line":39,"column":30}}],"line":39},"3":{"loc":{"start":{"line":40,"column":22},"end":{"line":40,"column":67}},"type":"binary-expr","locations":[{"start":{"line":40,"column":22},"end":{"line":40,"column":35}},{"start":{"line":40,"column":39},"end":{"line":40,"column":67}}],"line":40}},"s":{"0":1,"1":1,"2":1,"3":1,"4":1,"5":1,"6":1,"7":1,"8":1,"9":1,"10":1,"11":1,"12":1,"13":1,"14":1,"15":6,"16":6,"17":6,"18":6,"19":1,"20":1,"21":1,"22":1,"23":0,"24":0,"25":0,"26":0,"27":1,"28":1,"29":1,"30":1,"31":0,"32":1},"f":{"0":6,"1":0,"2":1,"3":1,"4":0},"b":{"0":[1,0],"1":[0,0],"2":[0,0],"3":[0,0]},"_coverageSchema":"1a1c01bbd47fc00a2c39e90264f33305004495a9","hash":"54bf5ab1e13060bce561f1da40de5969e5c5a643"}
,"/Users/dianakosta/work/notes-express-api/controllers/notes-controllers.js": {"path":"/Users/dianakosta/work/notes-express-api/controllers/notes-controllers.js","statementMap":{"0":{"start":{"line":1,"column":29},"end":{"line":1,"column":57}},"1":{"start":{"line":2,"column":17},"end":{"line":2,"column":36}},"2":{"start":{"line":4,"column":18},"end":{"line":4,"column":49}},"3":{"start":{"line":6,"column":13},"end":{"line":6,"column":38}},"4":{"start":{"line":7,"column":13},"end":{"line":7,"column":38}},"5":{"start":{"line":9,"column":23},"end":{"line":34,"column":1}},"6":{"start":{"line":10,"column":17},"end":{"line":10,"column":31}},"7":{"start":{"line":12,"column":2},"end":{"line":14,"column":3}},"8":{"start":{"line":13,"column":4},"end":{"line":13,"column":63}},"9":{"start":{"line":15,"column":2},"end":{"line":33,"column":3}},"10":{"start":{"line":16,"column":18},"end":{"line":16,"column":53}},"11":{"start":{"line":18,"column":4},"end":{"line":24,"column":5}},"12":{"start":{"line":19,"column":20},"end":{"line":22,"column":7}},"13":{"start":{"line":23,"column":6},"end":{"line":23,"column":25}},"14":{"start":{"line":26,"column":4},"end":{"line":26,"column":79}},"15":{"start":{"line":26,"column":42},"end":{"line":26,"column":74}},"16":{"start":{"line":28,"column":18},"end":{"line":31,"column":5}},"17":{"start":{"line":32,"column":4},"end":{"line":32,"column":23}},"18":{"start":{"line":36,"column":20},"end":{"line":58,"column":1}},"19":{"start":{"line":37,"column":17},"end":{"line":37,"column":31}},"20":{"start":{"line":38,"column":17},"end":{"line":38,"column":31}},"21":{"start":{"line":39,"column":2},"end":{"line":57,"column":3}},"22":{"start":{"line":40,"column":18},"end":{"line":40,"column":66}},"23":{"start":{"line":42,"column":4},"end":{"line":48,"column":5}},"24":{"start":{"line":43,"column":20},"end":{"line":46,"column":7}},"25":{"start":{"line":47,"column":6},"end":{"line":47,"column":25}},"26":{"start":{"line":50,"column":4},"end":{"line":50,"column":79}},"27":{"start":{"line":50,"column":42},"end":{"line":50,"column":74}},"28":{"start":{"line":52,"column":18},"end":{"line":55,"column":5}},"29":{"start":{"line":56,"column":4},"end":{"line":56,"column":23}},"30":{"start":{"line":60,"column":19},"end":{"line":95,"column":1}},"31":{"start":{"line":61,"column":17},"end":{"line":61,"column":38}},"32":{"start":{"line":62,"column":2},"end":{"line":66,"column":3}},"33":{"start":{"line":63,"column":4},"end":{"line":65,"column":6}},"34":{"start":{"line":67,"column":41},"end":{"line":67,"column":49}},"35":{"start":{"line":68,"column":21},"end":{"line":72,"column":4}},"36":{"start":{"line":75,"column":2},"end":{"line":80,"column":3}},"37":{"start":{"line":76,"column":4},"end":{"line":76,"column":39}},"38":{"start":{"line":78,"column":18},"end":{"line":78,"column":78}},"39":{"start":{"line":79,"column":4},"end":{"line":79,"column":23}},"40":{"start":{"line":82,"column":2},"end":{"line":92,"column":3}},"41":{"start":{"line":83,"column":17},"end":{"line":83,"column":46}},"42":{"start":{"line":84,"column":4},"end":{"line":84,"column":28}},"43":{"start":{"line":85,"column":4},"end":{"line":85,"column":45}},"44":{"start":{"line":86,"column":4},"end":{"line":86,"column":32}},"45":{"start":{"line":87,"column":4},"end":{"line":87,"column":39}},"46":{"start":{"line":88,"column":4},"end":{"line":88,"column":35}},"47":{"start":{"line":90,"column":18},"end":{"line":90,"column":79}},"48":{"start":{"line":91,"column":4},"end":{"line":91,"column":23}},"49":{"start":{"line":94,"column":2},"end":{"line":94,"column":51}},"50":{"start":{"line":97,"column":19},"end":{"line":130,"column":1}},"51":{"start":{"line":98,"column":17},"end":{"line":98,"column":31}},"52":{"start":{"line":99,"column":17},"end":{"line":99,"column":31}},"53":{"start":{"line":100,"column":33},"end":{"line":100,"column":41}},"54":{"start":{"line":102,"column":2},"end":{"line":114,"column":3}},"55":{"start":{"line":103,"column":4},"end":{"line":103,"column":70}},"56":{"start":{"line":104,"column":4},"end":{"line":107,"column":5}},"57":{"start":{"line":105,"column":20},"end":{"line":105,"column":77}},"58":{"start":{"line":106,"column":6},"end":{"line":106,"column":25}},"59":{"start":{"line":109,"column":18},"end":{"line":112,"column":5}},"60":{"start":{"line":113,"column":4},"end":{"line":113,"column":23}},"61":{"start":{"line":116,"column":2},"end":{"line":129,"column":3}},"62":{"start":{"line":117,"column":4},"end":{"line":117,"column":30}},"63":{"start":{"line":118,"column":4},"end":{"line":118,"column":42}},"64":{"start":{"line":119,"column":4},"end":{"line":119,"column":29}},"65":{"start":{"line":120,"column":4},"end":{"line":122,"column":7}},"66":{"start":{"line":124,"column":18},"end":{"line":127,"column":5}},"67":{"start":{"line":128,"column":4},"end":{"line":128,"column":23}},"68":{"start":{"line":132,"column":19},"end":{"line":187,"column":1}},"69":{"start":{"line":133,"column":23},"end":{"line":133,"column":33}},"70":{"start":{"line":136,"column":2},"end":{"line":149,"column":3}},"71":{"start":{"line":138,"column":4},"end":{"line":138,"column":64}},"72":{"start":{"line":139,"column":4},"end":{"line":142,"column":5}},"73":{"start":{"line":140,"column":20},"end":{"line":140,"column":77}},"74":{"start":{"line":141,"column":6},"end":{"line":141,"column":25}},"75":{"start":{"line":144,"column":18},"end":{"line":147,"column":5}},"76":{"start":{"line":148,"column":4},"end":{"line":148,"column":23}},"77":{"start":{"line":152,"column":15},"end":{"line":152,"column":44}},"78":{"start":{"line":153,"column":2},"end":{"line":186,"column":3}},"79":{"start":{"line":154,"column":4},"end":{"line":154,"column":28}},"80":{"start":{"line":157,"column":4},"end":{"line":157,"column":78}},"81":{"start":{"line":160,"column":17},"end":{"line":160,"column":63}},"82":{"start":{"line":161,"column":4},"end":{"line":166,"column":5}},"83":{"start":{"line":162,"column":6},"end":{"line":162,"column":36}},"84":{"start":{"line":163,"column":6},"end":{"line":163,"column":24}},"85":{"start":{"line":164,"column":20},"end":{"line":164,"column":77}},"86":{"start":{"line":165,"column":6},"end":{"line":165,"column":25}},"87":{"start":{"line":169,"column":4},"end":{"line":169,"column":37}},"88":{"start":{"line":170,"column":4},"end":{"line":170,"column":39}},"89":{"start":{"line":173,"column":4},"end":{"line":173,"column":35}},"90":{"start":{"line":174,"column":4},"end":{"line":174,"column":22}},"91":{"start":{"line":177,"column":4},"end":{"line":177,"column":55}},"92":{"start":{"line":179,"column":4},"end":{"line":179,"column":34}},"93":{"start":{"line":180,"column":4},"end":{"line":180,"column":22}},"94":{"start":{"line":181,"column":18},"end":{"line":184,"column":5}},"95":{"start":{"line":185,"column":4},"end":{"line":185,"column":23}},"96":{"start":{"line":189,"column":18},"end":{"line":218,"column":1}},"97":{"start":{"line":190,"column":2},"end":{"line":217,"column":3}},"98":{"start":{"line":191,"column":25},"end":{"line":191,"column":35}},"99":{"start":{"line":193,"column":27},"end":{"line":193,"column":35}},"100":{"start":{"line":196,"column":17},"end":{"line":196,"column":62}},"101":{"start":{"line":197,"column":4},"end":{"line":201,"column":5}},"102":{"start":{"line":198,"column":6},"end":{"line":200,"column":66}},"103":{"start":{"line":204,"column":4},"end":{"line":208,"column":5}},"104":{"start":{"line":205,"column":6},"end":{"line":207,"column":63}},"105":{"start":{"line":211,"column":4},"end":{"line":211,"column":37}},"106":{"start":{"line":212,"column":4},"end":{"line":212,"column":22}},"107":{"start":{"line":214,"column":4},"end":{"line":214,"column":60}},"108":{"start":{"line":216,"column":4},"end":{"line":216,"column":51}},"109":{"start":{"line":220,"column":17},"end":{"line":234,"column":1}},"110":{"start":{"line":221,"column":2},"end":{"line":233,"column":3}},"111":{"start":{"line":222,"column":18},"end":{"line":225,"column":6}},"112":{"start":{"line":226,"column":4},"end":{"line":226,"column":20}},"113":{"start":{"line":228,"column":18},"end":{"line":231,"column":5}},"114":{"start":{"line":232,"column":4},"end":{"line":232,"column":23}},"115":{"start":{"line":236,"column":0},"end":{"line":236,"column":40}},"116":{"start":{"line":237,"column":0},"end":{"line":237,"column":34}},"117":{"start":{"line":238,"column":0},"end":{"line":238,"column":32}},"118":{"start":{"line":239,"column":0},"end":{"line":239,"column":32}},"119":{"start":{"line":240,"column":0},"end":{"line":240,"column":32}},"120":{"start":{"line":241,"column":0},"end":{"line":241,"column":30}},"121":{"start":{"line":242,"column":0},"end":{"line":242,"column":28}}},"fnMap":{"0":{"name":"(anonymous_0)","decl":{"start":{"line":9,"column":23},"end":{"line":9,"column":24}},"loc":{"start":{"line":9,"column":49},"end":{"line":34,"column":1}},"line":9},"1":{"name":"(anonymous_1)","decl":{"start":{"line":26,"column":32},"end":{"line":26,"column":33}},"loc":{"start":{"line":26,"column":42},"end":{"line":26,"column":74}},"line":26},"2":{"name":"(anonymous_2)","decl":{"start":{"line":36,"column":20},"end":{"line":36,"column":21}},"loc":{"start":{"line":36,"column":46},"end":{"line":58,"column":1}},"line":36},"3":{"name":"(anonymous_3)","decl":{"start":{"line":50,"column":32},"end":{"line":50,"column":33}},"loc":{"start":{"line":50,"column":42},"end":{"line":50,"column":74}},"line":50},"4":{"name":"(anonymous_4)","decl":{"start":{"line":60,"column":19},"end":{"line":60,"column":20}},"loc":{"start":{"line":60,"column":45},"end":{"line":95,"column":1}},"line":60},"5":{"name":"(anonymous_5)","decl":{"start":{"line":97,"column":19},"end":{"line":97,"column":20}},"loc":{"start":{"line":97,"column":45},"end":{"line":130,"column":1}},"line":97},"6":{"name":"(anonymous_6)","decl":{"start":{"line":132,"column":19},"end":{"line":132,"column":20}},"loc":{"start":{"line":132,"column":45},"end":{"line":187,"column":1}},"line":132},"7":{"name":"(anonymous_7)","decl":{"start":{"line":189,"column":18},"end":{"line":189,"column":19}},"loc":{"start":{"line":189,"column":44},"end":{"line":218,"column":1}},"line":189},"8":{"name":"(anonymous_8)","decl":{"start":{"line":220,"column":17},"end":{"line":220,"column":18}},"loc":{"start":{"line":220,"column":43},"end":{"line":234,"column":1}},"line":220}},"branchMap":{"0":{"loc":{"start":{"line":12,"column":2},"end":{"line":14,"column":3}},"type":"if","locations":[{"start":{"line":12,"column":2},"end":{"line":14,"column":3}},{"start":{},"end":{}}],"line":12},"1":{"loc":{"start":{"line":18,"column":4},"end":{"line":24,"column":5}},"type":"if","locations":[{"start":{"line":18,"column":4},"end":{"line":24,"column":5}},{"start":{},"end":{}}],"line":18},"2":{"loc":{"start":{"line":42,"column":4},"end":{"line":48,"column":5}},"type":"if","locations":[{"start":{"line":42,"column":4},"end":{"line":48,"column":5}},{"start":{},"end":{}}],"line":42},"3":{"loc":{"start":{"line":62,"column":2},"end":{"line":66,"column":3}},"type":"if","locations":[{"start":{"line":62,"column":2},"end":{"line":66,"column":3}},{"start":{},"end":{}}],"line":62},"4":{"loc":{"start":{"line":104,"column":4},"end":{"line":107,"column":5}},"type":"if","locations":[{"start":{"line":104,"column":4},"end":{"line":107,"column":5}},{"start":{},"end":{}}],"line":104},"5":{"loc":{"start":{"line":139,"column":4},"end":{"line":142,"column":5}},"type":"if","locations":[{"start":{"line":139,"column":4},"end":{"line":142,"column":5}},{"start":{},"end":{}}],"line":139},"6":{"loc":{"start":{"line":161,"column":4},"end":{"line":166,"column":5}},"type":"if","locations":[{"start":{"line":161,"column":4},"end":{"line":166,"column":5}},{"start":{},"end":{}}],"line":161},"7":{"loc":{"start":{"line":197,"column":4},"end":{"line":201,"column":5}},"type":"if","locations":[{"start":{"line":197,"column":4},"end":{"line":201,"column":5}},{"start":{},"end":{}}],"line":197},"8":{"loc":{"start":{"line":204,"column":4},"end":{"line":208,"column":5}},"type":"if","locations":[{"start":{"line":204,"column":4},"end":{"line":208,"column":5}},{"start":{},"end":{}}],"line":204},"9":{"loc":{"start":{"line":204,"column":8},"end":{"line":204,"column":59}},"type":"binary-expr","locations":[{"start":{"line":204,"column":8},"end":{"line":204,"column":19}},{"start":{"line":204,"column":23},"end":{"line":204,"column":59}}],"line":204}},"s":{"0":1,"1":1,"2":1,"3":1,"4":1,"5":1,"6":1,"7":1,"8":0,"9":1,"10":1,"11":1,"12":0,"13":0,"14":1,"15":1,"16":0,"17":0,"18":1,"19":1,"20":1,"21":1,"22":1,"23":1,"24":0,"25":0,"26":1,"27":1,"28":0,"29":0,"30":1,"31":1,"32":1,"33":0,"34":1,"35":1,"36":1,"37":1,"38":0,"39":0,"40":1,"41":1,"42":1,"43":1,"44":1,"45":1,"46":1,"47":0,"48":0,"49":1,"50":1,"51":1,"52":1,"53":1,"54":1,"55":1,"56":1,"57":0,"58":0,"59":0,"60":0,"61":1,"62":1,"63":1,"64":1,"65":1,"66":0,"67":0,"68":1,"69":0,"70":0,"71":0,"72":0,"73":0,"74":0,"75":0,"76":0,"77":0,"78":0,"79":0,"80":0,"81":0,"82":0,"83":0,"84":0,"85":0,"86":0,"87":0,"88":0,"89":0,"90":0,"91":0,"92":0,"93":0,"94":0,"95":0,"96":1,"97":1,"98":1,"99":1,"100":1,"101":1,"102":0,"103":1,"104":0,"105":1,"106":1,"107":1,"108":0,"109":1,"110":1,"111":1,"112":1,"113":0,"114":0,"115":1,"116":1,"117":1,"118":1,"119":1,"120":1,"121":1},"f":{"0":1,"1":1,"2":1,"3":1,"4":1,"5":1,"6":0,"7":1,"8":1},"b":{"0":[0,1],"1":[0,1],"2":[0,1],"3":[0,1],"4":[0,1],"5":[0,0],"6":[0,0],"7":[0,1],"8":[0,1],"9":[1,1]},"_coverageSchema":"1a1c01bbd47fc00a2c39e90264f33305004495a9","hash":"27f7d01334e930ce7000f8f1c79810571fdcf6ce"}
,"/Users/dianakosta/work/notes-express-api/controllers/users-controllers.js": {"path":"/Users/dianakosta/work/notes-express-api/controllers/users-controllers.js","statementMap":{"0":{"start":{"line":1,"column":29},"end":{"line":1,"column":57}},"1":{"start":{"line":2,"column":15},"end":{"line":2,"column":34}},"2":{"start":{"line":4,"column":18},"end":{"line":4,"column":49}},"3":{"start":{"line":5,"column":13},"end":{"line":5,"column":38}},"4":{"start":{"line":7,"column":15},"end":{"line":39,"column":1}},"5":{"start":{"line":8,"column":17},"end":{"line":8,"column":38}},"6":{"start":{"line":9,"column":2},"end":{"line":13,"column":3}},"7":{"start":{"line":10,"column":4},"end":{"line":12,"column":6}},"8":{"start":{"line":14,"column":30},"end":{"line":14,"column":38}},"9":{"start":{"line":15,"column":2},"end":{"line":38,"column":3}},"10":{"start":{"line":16,"column":25},"end":{"line":16,"column":61}},"11":{"start":{"line":18,"column":4},"end":{"line":24,"column":5}},"12":{"start":{"line":19,"column":20},"end":{"line":22,"column":7}},"13":{"start":{"line":23,"column":6},"end":{"line":23,"column":25}},"14":{"start":{"line":26,"column":27},"end":{"line":26,"column":58}},"15":{"start":{"line":27,"column":24},"end":{"line":31,"column":6}},"16":{"start":{"line":33,"column":4},"end":{"line":33,"column":29}},"17":{"start":{"line":34,"column":4},"end":{"line":34,"column":76}},"18":{"start":{"line":36,"column":18},"end":{"line":36,"column":76}},"19":{"start":{"line":37,"column":4},"end":{"line":37,"column":23}},"20":{"start":{"line":41,"column":14},"end":{"line":71,"column":1}},"21":{"start":{"line":42,"column":30},"end":{"line":42,"column":38}},"22":{"start":{"line":44,"column":2},"end":{"line":70,"column":3}},"23":{"start":{"line":45,"column":22},"end":{"line":45,"column":58}},"24":{"start":{"line":46,"column":4},"end":{"line":52,"column":5}},"25":{"start":{"line":47,"column":20},"end":{"line":50,"column":7}},"26":{"start":{"line":51,"column":6},"end":{"line":51,"column":25}},"27":{"start":{"line":54,"column":28},"end":{"line":54,"column":78}},"28":{"start":{"line":56,"column":4},"end":{"line":62,"column":5}},"29":{"start":{"line":57,"column":20},"end":{"line":60,"column":7}},"30":{"start":{"line":61,"column":6},"end":{"line":61,"column":25}},"31":{"start":{"line":63,"column":4},"end":{"line":63,"column":40}},"32":{"start":{"line":65,"column":18},"end":{"line":68,"column":5}},"33":{"start":{"line":69,"column":4},"end":{"line":69,"column":23}},"34":{"start":{"line":73,"column":0},"end":{"line":73,"column":24}},"35":{"start":{"line":74,"column":0},"end":{"line":74,"column":22}}},"fnMap":{"0":{"name":"(anonymous_0)","decl":{"start":{"line":7,"column":15},"end":{"line":7,"column":16}},"loc":{"start":{"line":7,"column":41},"end":{"line":39,"column":1}},"line":7},"1":{"name":"(anonymous_1)","decl":{"start":{"line":41,"column":14},"end":{"line":41,"column":15}},"loc":{"start":{"line":41,"column":40},"end":{"line":71,"column":1}},"line":41}},"branchMap":{"0":{"loc":{"start":{"line":9,"column":2},"end":{"line":13,"column":3}},"type":"if","locations":[{"start":{"line":9,"column":2},"end":{"line":13,"column":3}},{"start":{},"end":{}}],"line":9},"1":{"loc":{"start":{"line":18,"column":4},"end":{"line":24,"column":5}},"type":"if","locations":[{"start":{"line":18,"column":4},"end":{"line":24,"column":5}},{"start":{},"end":{}}],"line":18},"2":{"loc":{"start":{"line":46,"column":4},"end":{"line":52,"column":5}},"type":"if","locations":[{"start":{"line":46,"column":4},"end":{"line":52,"column":5}},{"start":{},"end":{}}],"line":46},"3":{"loc":{"start":{"line":56,"column":4},"end":{"line":62,"column":5}},"type":"if","locations":[{"start":{"line":56,"column":4},"end":{"line":62,"column":5}},{"start":{},"end":{}}],"line":56}},"s":{"0":1,"1":1,"2":1,"3":1,"4":1,"5":0,"6":0,"7":0,"8":0,"9":0,"10":0,"11":0,"12":0,"13":0,"14":0,"15":0,"16":0,"17":0,"18":0,"19":0,"20":1,"21":0,"22":0,"23":0,"24":0,"25":0,"26":0,"27":0,"28":0,"29":0,"30":0,"31":0,"32":0,"33":0,"34":1,"35":1},"f":{"0":0,"1":0},"b":{"0":[0,0],"1":[0,0],"2":[0,0],"3":[0,0]},"_coverageSchema":"1a1c01bbd47fc00a2c39e90264f33305004495a9","hash":"6388db9b0ad7d7bbce7f14b07f0f7190534ddfa8"}
,"/Users/dianakosta/work/notes-express-api/middleware/swagger-config.js": {"path":"/Users/dianakosta/work/notes-express-api/middleware/swagger-config.js","statementMap":{"0":{"start":{"line":1,"column":21},"end":{"line":1,"column":45}},"1":{"start":{"line":3,"column":16},"end":{"line":18,"column":1}},"2":{"start":{"line":20,"column":14},"end":{"line":20,"column":35}},"3":{"start":{"line":22,"column":0},"end":{"line":22,"column":23}}},"fnMap":{},"branchMap":{},"s":{"0":1,"1":1,"2":1,"3":1},"f":{},"b":{},"_coverageSchema":"1a1c01bbd47fc00a2c39e90264f33305004495a9","hash":"b611c48b8eeebdc40410a81ba8275b0e8338a16e"}
,"/Users/dianakosta/work/notes-express-api/models/http-error.js": {"path":"/Users/dianakosta/work/notes-express-api/models/http-error.js","statementMap":{"0":{"start":{"line":3,"column":4},"end":{"line":3,"column":19}},"1":{"start":{"line":4,"column":4},"end":{"line":4,"column":26}},"2":{"start":{"line":8,"column":0},"end":{"line":8,"column":27}}},"fnMap":{"0":{"name":"(anonymous_0)","decl":{"start":{"line":2,"column":2},"end":{"line":2,"column":3}},"loc":{"start":{"line":2,"column":34},"end":{"line":5,"column":3}},"line":2}},"branchMap":{},"s":{"0":0,"1":0,"2":1},"f":{"0":0},"b":{},"_coverageSchema":"1a1c01bbd47fc00a2c39e90264f33305004495a9","hash":"00086483e577bd6c2380a5b77d41df088b35c771"}
,"/Users/dianakosta/work/notes-express-api/models/note.js": {"path":"/Users/dianakosta/work/notes-express-api/models/note.js","statementMap":{"0":{"start":{"line":1,"column":17},"end":{"line":1,"column":36}},"1":{"start":{"line":3,"column":15},"end":{"line":3,"column":30}},"2":{"start":{"line":5,"column":19},"end":{"line":13,"column":1}},"3":{"start":{"line":15,"column":0},"end":{"line":15,"column":57}},"4":{"start":{"line":17,"column":0},"end":{"line":17,"column":52}}},"fnMap":{},"branchMap":{},"s":{"0":1,"1":1,"2":1,"3":1,"4":1},"f":{},"b":{},"_coverageSchema":"1a1c01bbd47fc00a2c39e90264f33305004495a9","hash":"2411cdab32ab398fafddbb896120a41ff1261c76"}
,"/Users/dianakosta/work/notes-express-api/models/user.js": {"path":"/Users/dianakosta/work/notes-express-api/models/user.js","statementMap":{"0":{"start":{"line":1,"column":17},"end":{"line":1,"column":36}},"1":{"start":{"line":4,"column":15},"end":{"line":4,"column":30}},"2":{"start":{"line":6,"column":19},"end":{"line":12,"column":2}},"3":{"start":{"line":16,"column":0},"end":{"line":16,"column":52}}},"fnMap":{},"branchMap":{},"s":{"0":1,"1":1,"2":1,"3":1},"f":{},"b":{},"_coverageSchema":"1a1c01bbd47fc00a2c39e90264f33305004495a9","hash":"6ed7e5cada5e839f3926622fbe5a829131a45ead"}
,"/Users/dianakosta/work/notes-express-api/routes/notes-routers.js": {"path":"/Users/dianakosta/work/notes-express-api/routes/notes-routers.js","statementMap":{"0":{"start":{"line":1,"column":16},"end":{"line":1,"column":34}},"1":{"start":{"line":2,"column":18},"end":{"line":2,"column":46}},"2":{"start":{"line":4,"column":24},"end":{"line":4,"column":67}},"3":{"start":{"line":6,"column":15},"end":{"line":6,"column":31}},"4":{"start":{"line":40,"column":0},"end":{"line":40,"column":57}},"5":{"start":{"line":71,"column":0},"end":{"line":71,"column":59}},"6":{"start":{"line":105,"column":0},"end":{"line":113,"column":2}},"7":{"start":{"line":151,"column":0},"end":{"line":155,"column":2}},"8":{"start":{"line":182,"column":0},"end":{"line":182,"column":61}},"9":{"start":{"line":219,"column":0},"end":{"line":219,"column":64}},"10":{"start":{"line":244,"column":0},"end":{"line":244,"column":56}},"11":{"start":{"line":246,"column":0},"end":{"line":246,"column":24}}},"fnMap":{},"branchMap":{},"s":{"0":1,"1":1,"2":1,"3":1,"4":1,"5":1,"6":1,"7":1,"8":1,"9":1,"10":1,"11":1},"f":{},"b":{},"_coverageSchema":"1a1c01bbd47fc00a2c39e90264f33305004495a9","hash":"1fc6cc6eb6cd14371b7781af94a6cdc50992e04c"}
,"/Users/dianakosta/work/notes-express-api/routes/users-routes.js": {"path":"/Users/dianakosta/work/notes-express-api/routes/users-routes.js","statementMap":{"0":{"start":{"line":1,"column":16},"end":{"line":1,"column":34}},"1":{"start":{"line":2,"column":18},"end":{"line":2,"column":46}},"2":{"start":{"line":4,"column":24},"end":{"line":4,"column":67}},"3":{"start":{"line":6,"column":15},"end":{"line":6,"column":31}},"4":{"start":{"line":48,"column":0},"end":{"line":57,"column":2}},"5":{"start":{"line":98,"column":0},"end":{"line":98,"column":45}},"6":{"start":{"line":100,"column":0},"end":{"line":100,"column":24}}},"fnMap":{},"branchMap":{},"s":{"0":1,"1":1,"2":1,"3":1,"4":1,"5":1,"6":1},"f":{},"b":{},"_coverageSchema":"1a1c01bbd47fc00a2c39e90264f33305004495a9","hash":"93cc8fe9c3f762dd14989fbe95a39177d4484b14"}
}
