TN:
SF:app.js
FN:18,(anonymous_0)
FN:35,(anonymous_1)
FN:45,(anonymous_2)
FN:46,(anonymous_3)
FN:53,(anonymous_4)
FNF:5
FNH:3
FNDA:6,(anonymous_0)
FNDA:0,(anonymous_1)
FNDA:1,(anonymous_2)
FNDA:1,(anonymous_3)
FNDA:0,(anonymous_4)
DA:1,1
DA:2,1
DA:3,1
DA:4,1
DA:5,1
DA:6,1
DA:7,1
DA:8,1
DA:9,1
DA:10,1
DA:12,1
DA:13,1
DA:15,1
DA:17,1
DA:18,1
DA:19,6
DA:20,6
DA:24,6
DA:26,6
DA:30,1
DA:32,1
DA:33,1
DA:35,1
DA:36,0
DA:37,0
DA:39,0
DA:40,0
DA:43,1
DA:46,1
DA:47,1
DA:48,1
DA:54,0
DA:57,1
LF:33
LH:28
BRDA:12,0,0,1
BRDA:12,0,1,0
BRDA:36,1,0,0
BRDA:36,1,1,0
BRDA:39,2,0,0
BRDA:39,2,1,0
BRDA:40,3,0,0
BRDA:40,3,1,0
BRF:8
BRH:1
end_of_record
TN:
SF:controllers/notes-controllers.js
FN:9,(anonymous_0)
FN:26,(anonymous_1)
FN:36,(anonymous_2)
FN:50,(anonymous_3)
FN:60,(anonymous_4)
FN:97,(anonymous_5)
FN:132,(anonymous_6)
FN:189,(anonymous_7)
FN:220,(anonymous_8)
FNF:9
FNH:8
FNDA:1,(anonymous_0)
FNDA:1,(anonymous_1)
FNDA:1,(anonymous_2)
FNDA:1,(anonymous_3)
FNDA:1,(anonymous_4)
FNDA:1,(anonymous_5)
FNDA:0,(anonymous_6)
FNDA:1,(anonymous_7)
FNDA:1,(anonymous_8)
DA:1,1
DA:2,1
DA:4,1
DA:6,1
DA:7,1
DA:9,1
DA:10,1
DA:12,1
DA:13,0
DA:15,1
DA:16,1
DA:18,1
DA:19,0
DA:23,0
DA:26,1
DA:28,0
DA:32,0
DA:36,1
DA:37,1
DA:38,1
DA:39,1
DA:40,1
DA:42,1
DA:43,0
DA:47,0
DA:50,1
DA:52,0
DA:56,0
DA:60,1
DA:61,1
DA:62,1
DA:63,0
DA:67,1
DA:68,1
DA:75,1
DA:76,1
DA:78,0
DA:79,0
DA:82,1
DA:83,1
DA:84,1
DA:85,1
DA:86,1
DA:87,1
DA:88,1
DA:90,0
DA:91,0
DA:94,1
DA:97,1
DA:98,1
DA:99,1
DA:100,1
DA:102,1
DA:103,1
DA:104,1
DA:105,0
DA:106,0
DA:109,0
DA:113,0
DA:116,1
DA:117,1
DA:118,1
DA:119,1
DA:120,1
DA:124,0
DA:128,0
DA:132,1
DA:133,0
DA:136,0
DA:138,0
DA:139,0
DA:140,0
DA:141,0
DA:144,0
DA:148,0
DA:152,0
DA:153,0
DA:154,0
DA:157,0
DA:160,0
DA:161,0
DA:162,0
DA:163,0
DA:164,0
DA:165,0
DA:169,0
DA:170,0
DA:173,0
DA:174,0
DA:177,0
DA:179,0
DA:180,0
DA:181,0
DA:185,0
DA:189,1
DA:190,1
DA:191,1
DA:193,1
DA:196,1
DA:197,1
DA:198,0
DA:204,1
DA:205,0
DA:211,1
DA:212,1
DA:214,1
DA:216,0
DA:220,1
DA:221,1
DA:222,1
DA:226,1
DA:228,0
DA:232,0
DA:236,1
DA:237,1
DA:238,1
DA:239,1
DA:240,1
DA:241,1
DA:242,1
LF:120
LH:68
BRDA:12,0,0,0
BRDA:12,0,1,1
BRDA:18,1,0,0
BRDA:18,1,1,1
BRDA:42,2,0,0
BRDA:42,2,1,1
BRDA:62,3,0,0
BRDA:62,3,1,1
BRDA:104,4,0,0
BRDA:104,4,1,1
BRDA:139,5,0,0
BRDA:139,5,1,0
BRDA:161,6,0,0
BRDA:161,6,1,0
BRDA:197,7,0,0
BRDA:197,7,1,1
BRDA:204,8,0,0
BRDA:204,8,1,1
BRDA:204,9,0,1
BRDA:204,9,1,1
BRF:20
BRH:9
end_of_record
TN:
SF:controllers/users-controllers.js
FN:7,(anonymous_0)
FN:41,(anonymous_1)
FNF:2
FNH:0
FNDA:0,(anonymous_0)
FNDA:0,(anonymous_1)
DA:1,1
DA:2,1
DA:4,1
DA:5,1
DA:7,1
DA:8,0
DA:9,0
DA:10,0
DA:14,0
DA:15,0
DA:16,0
DA:18,0
DA:19,0
DA:23,0
DA:26,0
DA:27,0
DA:33,0
DA:34,0
DA:36,0
DA:37,0
DA:41,1
DA:42,0
DA:44,0
DA:45,0
DA:46,0
DA:47,0
DA:51,0
DA:54,0
DA:56,0
DA:57,0
DA:61,0
DA:63,0
DA:65,0
DA:69,0
DA:73,1
DA:74,1
LF:36
LH:8
BRDA:9,0,0,0
BRDA:9,0,1,0
BRDA:18,1,0,0
BRDA:18,1,1,0
BRDA:46,2,0,0
BRDA:46,2,1,0
BRDA:56,3,0,0
BRDA:56,3,1,0
BRF:8
BRH:0
end_of_record
TN:
SF:middleware/swagger-config.js
FNF:0
FNH:0
DA:1,1
DA:3,1
DA:20,1
DA:22,1
LF:4
LH:4
BRF:0
BRH:0
end_of_record
TN:
SF:models/http-error.js
FN:2,(anonymous_0)
FNF:1
FNH:0
FNDA:0,(anonymous_0)
DA:3,0
DA:4,0
DA:8,1
LF:3
LH:1
BRF:0
BRH:0
end_of_record
TN:
SF:models/note.js
FNF:0
FNH:0
DA:1,1
DA:3,1
DA:5,1
DA:15,1
DA:17,1
LF:5
LH:5
BRF:0
BRH:0
end_of_record
TN:
SF:models/user.js
FNF:0
FNH:0
DA:1,1
DA:4,1
DA:6,1
DA:16,1
LF:4
LH:4
BRF:0
BRH:0
end_of_record
TN:
SF:routes/notes-routers.js
FNF:0
FNH:0
DA:1,1
DA:2,1
DA:4,1
DA:6,1
DA:40,1
DA:71,1
DA:105,1
DA:151,1
DA:182,1
DA:219,1
DA:244,1
DA:246,1
LF:12
LH:12
BRF:0
BRH:0
end_of_record
TN:
SF:routes/users-routes.js
FNF:0
FNH:0
DA:1,1
DA:2,1
DA:4,1
DA:6,1
DA:48,1
DA:98,1
DA:100,1
LF:7
LH:7
BRF:0
BRH:0
end_of_record
